e:\halo\coding\visual studio\spike09\spike09\x64\debug\vc140.pdb
e:\halo\coding\visual studio\spike09\spike09\x64\debug\vc140.idb
e:\halo\coding\visual studio\spike09\spike09\x64\debug\connection.obj
e:\halo\coding\visual studio\spike09\spike09\x64\debug\lineresult.obj
e:\halo\coding\visual studio\spike09\spike09\x64\debug\message.obj
e:\halo\coding\visual studio\spike09\spike09\x64\debug\messagedispatcher.obj
e:\halo\coding\visual studio\spike09\spike09\x64\debug\object.obj
e:\halo\coding\visual studio\spike09\spike09\x64\debug\room.obj
e:\halo\coding\visual studio\spike09\spike09\x64\debug\main.obj
e:\halo\coding\visual studio\spike09\spike09\x64\debug\mainmenu.obj
e:\halo\coding\visual studio\spike09\spike09\x64\debug\player.obj
e:\halo\coding\visual studio\spike09\spike09\x64\debug\roomiterator.obj
e:\halo\coding\visual studio\spike09\spike09\x64\debug\statecontroller.obj
e:\halo\coding\visual studio\spike09\spike09\x64\debug\stringutils.obj
e:\halo\coding\visual studio\spike09\spike09\x64\debug\numericutils.obj
e:\halo\coding\visual studio\spike09\spike09\x64\debug\world.obj
e:\halo\coding\visual studio\spike09\spike09\x64\debug\worldcreator.obj
e:\halo\coding\visual studio\spike09\spike09\x64\debug\worldreader.obj
e:\halo\coding\visual studio\spike09\spike09\x64\debug\worldselector.obj
e:\halo\coding\visual studio\spike09\spike09\x64\debug\worldswitchmessage.obj
e:\halo\coding\visual studio\spike09\spike09\x64\debug\basiccommand.obj
e:\halo\coding\visual studio\spike09\spike09\x64\debug\binaryreader.obj
e:\halo\coding\visual studio\spike09\spike09\x64\debug\binarywriter.obj
e:\halo\coding\visual studio\spike09\spike09\x64\debug\command.obj
e:\halo\coding\visual studio\spike09\spike09\x64\debug\commandlister.obj
e:\halo\coding\visual studio\spike09\spike09\x64\debug\commandreader.obj
e:\halo\coding\visual studio\spike09\spike09\x64\debug\commandresult.obj
e:\halo\coding\visual studio\spike09\spike09\x64\debug\credits.obj
e:\halo\coding\visual studio\spike09\spike09\x64\debug\emptyeventargs.obj
e:\halo\coding\visual studio\spike09\spike09\x64\debug\gameenvironment.obj
e:\halo\coding\visual studio\spike09\spike09\x64\debug\gamemenu.obj
e:\halo\coding\visual studio\spike09\spike09\x64\debug\gameplay.obj
e:\halo\coding\visual studio\spike09\spike09\x64\debug\gamesplash.obj
e:\halo\coding\visual studio\spike09\spike09\x64\debug\gamestate.obj
e:\halo\coding\visual studio\spike09\spike09\x64\debug\halloffame.obj
e:\halo\coding\visual studio\spike09\spike09\x64\debug\ihasinventory.obj
e:\halo\coding\visual studio\spike09\spike09\x64\debug\iinventory.obj
e:\halo\coding\visual studio\spike09\spike09\x64\debug\basicinventory.obj
e:\halo\coding\visual studio\spike09\spike09\x64\debug\currentroommessage.obj
e:\halo\coding\visual studio\spike09\spike09\x64\debug\inventoryview.obj
e:\halo\coding\visual studio\spike09\spike09\x64\debug\item.obj
h:\vs2015\spike09\spike09\x64\debug\vc140.pdb
h:\vs2015\spike09\spike09\x64\debug\vc140.idb
h:\vs2015\spike09\spike09\x64\debug\lineresult.obj
h:\vs2015\spike09\spike09\x64\debug\message.obj
h:\vs2015\spike09\spike09\x64\debug\messagedispatcher.obj
h:\vs2015\spike09\spike09\x64\debug\object.obj
h:\vs2015\spike09\spike09\x64\debug\statecontroller.obj
h:\vs2015\spike09\spike09\x64\debug\stringutils.obj
h:\vs2015\spike09\spike09\x64\debug\numericutils.obj
h:\vs2015\spike09\spike09\x64\debug\worldswitchmessage.obj
h:\vs2015\spike09\spike09\x64\debug\basiccommand.obj
h:\vs2015\spike09\spike09\x64\debug\binaryreader.obj
h:\vs2015\spike09\spike09\x64\debug\binarywriter.obj
h:\vs2015\spike09\spike09\x64\debug\command.obj
h:\vs2015\spike09\spike09\x64\debug\commandlister.obj
h:\vs2015\spike09\spike09\x64\debug\commandreader.obj
h:\vs2015\spike09\spike09\x64\debug\commandresult.obj
h:\vs2015\spike09\spike09\x64\debug\credits.obj
h:\vs2015\spike09\spike09\x64\debug\emptyeventargs.obj
h:\vs2015\spike09\spike09\x64\debug\gameenvironment.obj
h:\vs2015\spike09\spike09\x64\debug\gamemenu.obj
h:\vs2015\spike09\spike09\x64\debug\gamesplash.obj
h:\vs2015\spike09\spike09\x64\debug\halloffame.obj
h:\vs2015\spike09\spike09\x64\debug\connection.obj
h:\vs2015\spike09\spike09\x64\debug\ihasinventory.obj
h:\vs2015\spike09\spike09\x64\debug\main.obj
h:\vs2015\spike09\spike09\x64\debug\mainmenu.obj
h:\vs2015\spike09\spike09\x64\debug\room.obj
h:\vs2015\spike09\spike09\x64\debug\roomiterator.obj
h:\vs2015\spike09\spike09\x64\debug\world.obj
h:\vs2015\spike09\spike09\x64\debug\worldcreator.obj
h:\vs2015\spike09\spike09\x64\debug\worldreader.obj
h:\vs2015\spike09\spike09\x64\debug\iinventory.obj
h:\vs2015\spike09\spike09\x64\debug\currentroommessage.obj
h:\vs2015\spike09\spike09\x64\debug\worldselector.obj
h:\vs2015\spike09\spike09\x64\debug\gamestate.obj
h:\vs2015\spike09\spike09\x64\debug\item.obj
h:\vs2015\spike09\spike09\x64\debug\player.obj
h:\vs2015\spike09\spike09\x64\debug\inventoryview.obj
e:\halo\coding\visual studio\spike09\x64\debug\spike09.ilk
e:\halo\coding\visual studio\spike09\x64\debug\spike09.exe
e:\halo\coding\visual studio\spike09\x64\debug\spike09.pdb
h:\vs2015\spike09\spike09\x64\debug\bitreader.obj
h:\vs2015\spike09\spike09\x64\debug\bitwriter.obj
h:\vs2015\spike09\spike09\x64\debug\ioconnection.obj
h:\vs2015\spike09\spike09\x64\debug\ioroom.obj
h:\vs2015\spike09\spike09\x64\debug\commandreader.obj.enc
h:\vs2015\spike09\x64\debug\spike09.pdb
h:\vs2015\spike09\x64\debug\spike09.exe
h:\vs2015\spike09\x64\debug\spike09.ilk
h:\vs2015\spike09\spike09\x64\debug\spike09.tlog\cl.command.1.tlog
h:\vs2015\spike09\spike09\x64\debug\spike09.tlog\cl.read.1.tlog
h:\vs2015\spike09\spike09\x64\debug\spike09.tlog\cl.write.1.tlog
h:\vs2015\spike09\spike09\x64\debug\spike09.tlog\link.command.1.tlog
h:\vs2015\spike09\spike09\x64\debug\spike09.tlog\link.read.1.tlog
h:\vs2015\spike09\spike09\x64\debug\spike09.tlog\link.write.1.tlog
