e:\halo\coding\visual studio\spike13\spike13\x64\debug\vc140.pdb
e:\halo\coding\visual studio\spike13\spike13\x64\debug\vc140.idb
e:\halo\coding\visual studio\spike13\spike13\x64\debug\item.obj
e:\halo\coding\visual studio\spike13\spike13\x64\debug\lineresult.obj
e:\halo\coding\visual studio\spike13\spike13\x64\debug\main.obj
e:\halo\coding\visual studio\spike13\spike13\x64\debug\mainmenu.obj
e:\halo\coding\visual studio\spike13\spike13\x64\debug\message.obj
e:\halo\coding\visual studio\spike13\spike13\x64\debug\messagedispatcher.obj
e:\halo\coding\visual studio\spike13\spike13\x64\debug\numericutils.obj
e:\halo\coding\visual studio\spike13\spike13\x64\debug\object.obj
e:\halo\coding\visual studio\spike13\spike13\x64\debug\player.obj
e:\halo\coding\visual studio\spike13\spike13\x64\debug\room.obj
e:\halo\coding\visual studio\spike13\spike13\x64\debug\roomiterator.obj
e:\halo\coding\visual studio\spike13\spike13\x64\debug\statecontroller.obj
e:\halo\coding\visual studio\spike13\spike13\x64\debug\stringutils.obj
e:\halo\coding\visual studio\spike13\spike13\x64\debug\updatecurrentroommessage.obj
e:\halo\coding\visual studio\spike13\spike13\x64\debug\updateplayermessage.obj
e:\halo\coding\visual studio\spike13\spike13\x64\debug\world.obj
e:\halo\coding\visual studio\spike13\spike13\x64\debug\worldcreator.obj
e:\halo\coding\visual studio\spike13\spike13\x64\debug\worldreader.obj
e:\halo\coding\visual studio\spike13\spike13\x64\debug\worldselector.obj
e:\halo\coding\visual studio\spike13\spike13\x64\debug\worldswitchmessage.obj
e:\halo\coding\visual studio\spike13\spike13\x64\debug\binaryreader.obj
e:\halo\coding\visual studio\spike13\spike13\x64\debug\binarywriter.obj
e:\halo\coding\visual studio\spike13\spike13\x64\debug\command.obj
e:\halo\coding\visual studio\spike13\spike13\x64\debug\commandlister.obj
e:\halo\coding\visual studio\spike13\spike13\x64\debug\commandreader.obj
e:\halo\coding\visual studio\spike13\spike13\x64\debug\commandresult.obj
e:\halo\coding\visual studio\spike13\spike13\x64\debug\component.obj
e:\halo\coding\visual studio\spike13\spike13\x64\debug\composite.obj
e:\halo\coding\visual studio\spike13\spike13\x64\debug\connection.obj
e:\halo\coding\visual studio\spike13\spike13\x64\debug\credits.obj
e:\halo\coding\visual studio\spike13\spike13\x64\debug\emptyeventargs.obj
e:\halo\coding\visual studio\spike13\spike13\x64\debug\gameenvironment.obj
e:\halo\coding\visual studio\spike13\spike13\x64\debug\gamemenu.obj
e:\halo\coding\visual studio\spike13\spike13\x64\debug\gameplay.obj
e:\halo\coding\visual studio\spike13\spike13\x64\debug\gamesplash.obj
e:\halo\coding\visual studio\spike13\spike13\x64\debug\gamestate.obj
e:\halo\coding\visual studio\spike13\spike13\x64\debug\halloffame.obj
e:\halo\coding\visual studio\spike13\spike13\x64\debug\ihasinventory.obj
e:\halo\coding\visual studio\spike13\spike13\x64\debug\iinventory.obj
e:\halo\coding\visual studio\spike13\spike13\x64\debug\inventoryview.obj
e:\halo\coding\visual studio\spike13\spike13\x64\debug\basiccommand.obj
e:\halo\coding\visual studio\spike13\spike13\x64\debug\basicinventory.obj
e:\halo\coding\visual studio\spike13\spike13\x64\debug\spike13.pdb
e:\halo\coding\visual studio\spike13\spike13\x64\debug\spike13.idb
e:\halo\coding\visual studio\spike13\x64\debug\spike13.lib
e:\halo\coding\visual studio\spike13\x64\debug\spike13.ilk
e:\halo\coding\visual studio\spike13\x64\debug\spike13.pdb
e:\halo\coding\visual studio\spike13\spike13\x64\debug\spike13.tlog\cl.command.1.tlog
e:\halo\coding\visual studio\spike13\spike13\x64\debug\spike13.tlog\cl.read.1.tlog
e:\halo\coding\visual studio\spike13\spike13\x64\debug\spike13.tlog\cl.write.1.tlog
e:\halo\coding\visual studio\spike13\spike13\x64\debug\spike13.tlog\lib-link.read.1.tlog
e:\halo\coding\visual studio\spike13\spike13\x64\debug\spike13.tlog\lib-link.write.1.tlog
e:\halo\coding\visual studio\spike13\spike13\x64\debug\spike13.tlog\lib.command.1.tlog
e:\halo\coding\visual studio\spike13\spike13\x64\debug\spike13.tlog\link.command.1.tlog
e:\halo\coding\visual studio\spike13\spike13\x64\debug\spike13.tlog\link.read.1.tlog
e:\halo\coding\visual studio\spike13\spike13\x64\debug\spike13.tlog\link.write.1.tlog
e:\halo\coding\visual studio\spike13\spike13\x64\debug\spike13.tlog\spike13.write.1u.tlog
