  WorldSwitchMessage.cpp
  WorldSelector.cpp
  WorldReader.cpp
  WorldCreator.cpp
  World.cpp
  NumericUtils.cpp
  StringUtils.cpp
e:\halo\coding\visual studio\gp-code\spike12\spike12\spike12\stringutils.cpp(272): warning C4267: 'initializing': conversion from 'size_t' to 'int', possible loss of data
e:\halo\coding\visual studio\gp-code\spike12\spike12\spike12\stringutils.cpp(283): warning C4267: 'initializing': conversion from 'size_t' to 'int', possible loss of data
  StateController.cpp
  RoomIterator.cpp
  Player.cpp
  MainMenu.cpp
  Main.cpp
  Item.cpp
  Room.cpp
  Object.cpp
  MessageDispatcher.cpp
  Message.cpp
  Connection.cpp
  InventoryView.cpp
  BasicInventory.cpp
  Generating Code...
  Compiling...
  IInventory.cpp
  IHasInventory.cpp
  HallOfFame.cpp
  GameState.cpp
  GameSplash.cpp
  Gameplay.cpp
  GameMenu.cpp
  GameEnvironment.cpp
  EmptyEventArgs.cpp
  Credits.cpp
  CommandResult.cpp
  CommandLister.cpp
  Command.cpp
e:\halo\coding\visual studio\gp-code\spike12\spike12\spike12\command.cpp(47): warning C4267: 'initializing': conversion from 'size_t' to 'unsigned int', possible loss of data
  BinaryWriter.cpp
  BinaryReader.cpp
  BasicCommand.cpp
  Generating Code...
  LINK : E:\Halo\Coding\Visual Studio\gp-code\Spike12\Spike12\x64\Debug\Spike12.exe not found or not built by the last incremental link; performing full link
  Spike12.vcxproj -> E:\Halo\Coding\Visual Studio\gp-code\Spike12\Spike12\x64\Debug\Spike12.exe
