  WorldSwitchMessage.cpp
  WorldSelector.cpp
  WorldReader.cpp
  WorldCreator.cpp
  World.cpp
  NumericUtils.cpp
  StringUtils.cpp
e:\halo\coding\visual studio\gp-code\spike08\spike08\spike08\stringutils.cpp(273): warning C4267: 'initializing': conversion from 'size_t' to 'int', possible loss of data
e:\halo\coding\visual studio\gp-code\spike08\spike08\spike08\stringutils.cpp(284): warning C4267: 'initializing': conversion from 'size_t' to 'int', possible loss of data
  StateController.cpp
  RoomIterator.cpp
  Player.cpp
  MainMenu.cpp
  Main.cpp
  Item.cpp
  Room.cpp
  Object.cpp
  MessageDispatcher.cpp
  Message.cpp
  LineResult.cpp
  Connection.cpp
  InventoryView.cpp
  Generating Code...
  Compiling...
  BasicInventory.cpp
  IInventory.cpp
  IHasInventory.cpp
  HallOfFame.cpp
  GameState.cpp
  GameSplash.cpp
  Gameplay.cpp
  GameMenu.cpp
  GameEnvironment.cpp
  EmptyEventArgs.cpp
  Credits.cpp
  CommandResult.cpp
  CommandReader.cpp
  CommandLister.cpp
  Command.cpp
e:\halo\coding\visual studio\gp-code\spike08\spike08\spike08\command.cpp(20): warning C4267: 'initializing': conversion from 'size_t' to 'unsigned int', possible loss of data
  BinaryWriter.cpp
  BinaryReader.cpp
  BasicCommand.cpp
  Generating Code...
  Spike08.vcxproj -> E:\Halo\Coding\Visual Studio\gp-code\Spike08\Spike08\x64\Debug\Spike08.exe
